<?xml version="1.0" encoding="UTF-8"?>
<!-- Generated by org.testng.reporters.JUnitXMLReporter -->
<testsuite hostname="Dharmas-MacBook-Air.local" ignored="0" name="Login and Tab Test Cases" tests="3" failures="1" timestamp="22 Nov 2018 07:40:55 GMT" time="222.586" errors="0">
  <testcase name="ValidateShowsTabData" time="78.359" classname="functionalTestCase.ValidatePlayerFeature"/>
  <testcase name="ValidateShowsTabData" time="68.6" classname="functionalTestCase.ValidatetheShowWithoutLogin"/>
  <testcase name="validateChannelPage" time="75.536" classname="functionalTestCase.ValidateChannelTabTest">
    <failure type="org.openqa.selenium.NoSuchElementException" message="An element could not be located on the page using the given search parameters. (WARNING: The server did not provide any stacktrace information)
Command duration or timeout: 0 milliseconds
For documentation on this error, please visit: http://seleniumhq.org/exceptions/no_such_element.html
Build info: version: &amp;apos;3.9.0&amp;apos;, revision: &amp;apos;698b3178f0&amp;apos;, time: &amp;apos;2018-02-05T14:26:55.441Z&amp;apos;
System info: host: &amp;apos;Dharmas-MacBook-Air.local&amp;apos;, ip: &amp;apos;fe80:0:0:0:48b:fe85:4851:73ef%en0&amp;apos;, os.name: &amp;apos;Mac OS X&amp;apos;, os.arch: &amp;apos;x86_64&amp;apos;, os.version: &amp;apos;10.12.6&amp;apos;, java.version: &amp;apos;1.8.0_151&amp;apos;
Driver info: io.appium.java_client.android.AndroidDriver
Capabilities {appActivity: com.tv.v18.viola.views.acti..., appPackage: com.tv.v18.viola, autoGrantPermissions: true, databaseEnabled: false, desired: {appActivity: com.tv.v18.viola.views.acti..., appPackage: com.tv.v18.viola, autoGrantPermissions: true, deviceName: Moto, gpsEnabled: true, platformName: Android, unicodeKeyboard: true, version: 6.0.1}, deviceManufacturer: motorola, deviceModel: MotoG3, deviceName: ZY222ZV2L6, deviceScreenSize: 720x1280, deviceUDID: ZY222ZV2L6, gpsEnabled: true, javascriptEnabled: true, locationContextEnabled: false, networkConnectionEnabled: true, platform: LINUX, platformName: LINUX, platformVersion: 6.0.1, takesScreenshot: true, unicodeKeyboard: true, version: 6.0.1, warnings: {}, webStorageEnabled: false}
Session ID: 9fe20ad1-cbd6-4f68-bd99-03a4bdb8f62b
*** Element info: {Using=id, value=com.tv.v18.viola:id/positive_btn}">
      <![CDATA[org.openqa.selenium.NoSuchElementException: An element could not be located on the page using the given search parameters. (WARNING: The server did not provide any stacktrace information)
Command duration or timeout: 0 milliseconds
For documentation on this error, please visit: http://seleniumhq.org/exceptions/no_such_element.html
Build info: version: '3.9.0', revision: '698b3178f0', time: '2018-02-05T14:26:55.441Z'
System info: host: 'Dharmas-MacBook-Air.local', ip: 'fe80:0:0:0:48b:fe85:4851:73ef%en0', os.name: 'Mac OS X', os.arch: 'x86_64', os.version: '10.12.6', java.version: '1.8.0_151'
Driver info: io.appium.java_client.android.AndroidDriver
Capabilities {appActivity: com.tv.v18.viola.views.acti..., appPackage: com.tv.v18.viola, autoGrantPermissions: true, databaseEnabled: false, desired: {appActivity: com.tv.v18.viola.views.acti..., appPackage: com.tv.v18.viola, autoGrantPermissions: true, deviceName: Moto, gpsEnabled: true, platformName: Android, unicodeKeyboard: true, version: 6.0.1}, deviceManufacturer: motorola, deviceModel: MotoG3, deviceName: ZY222ZV2L6, deviceScreenSize: 720x1280, deviceUDID: ZY222ZV2L6, gpsEnabled: true, javascriptEnabled: true, locationContextEnabled: false, networkConnectionEnabled: true, platform: LINUX, platformName: LINUX, platformVersion: 6.0.1, takesScreenshot: true, unicodeKeyboard: true, version: 6.0.1, warnings: {}, webStorageEnabled: false}
Session ID: 9fe20ad1-cbd6-4f68-bd99-03a4bdb8f62b
*** Element info: {Using=id, value=com.tv.v18.viola:id/positive_btn}
at org.openqa.selenium.remote.ErrorHandler.createThrowable(ErrorHandler.java:214)
at org.openqa.selenium.remote.ErrorHandler.throwIfResponseFailed(ErrorHandler.java:166)
at org.openqa.selenium.remote.http.JsonHttpResponseCodec.reconstructValue(JsonHttpResponseCodec.java:40)
at org.openqa.selenium.remote.http.AbstractHttpResponseCodec.decode(AbstractHttpResponseCodec.java:80)
at org.openqa.selenium.remote.http.AbstractHttpResponseCodec.decode(AbstractHttpResponseCodec.java:44)
at org.openqa.selenium.remote.HttpCommandExecutor.execute(HttpCommandExecutor.java:160)
at io.appium.java_client.remote.AppiumCommandExecutor.execute(AppiumCommandExecutor.java:89)
at org.openqa.selenium.remote.RemoteWebDriver.execute(RemoteWebDriver.java:601)
at io.appium.java_client.DefaultGenericMobileDriver.execute(DefaultGenericMobileDriver.java:42)
at io.appium.java_client.AppiumDriver.execute(AppiumDriver.java:1)
at io.appium.java_client.android.AndroidDriver.execute(AndroidDriver.java:1)
at org.openqa.selenium.remote.RemoteWebDriver.findElement(RemoteWebDriver.java:371)
at io.appium.java_client.DefaultGenericMobileDriver.findElement(DefaultGenericMobileDriver.java:62)
at io.appium.java_client.AppiumDriver.findElement(AppiumDriver.java:1)
at io.appium.java_client.android.AndroidDriver.findElement(AndroidDriver.java:1)
at org.openqa.selenium.remote.RemoteWebDriver.findElementById(RemoteWebDriver.java:417)
at io.appium.java_client.DefaultGenericMobileDriver.findElementById(DefaultGenericMobileDriver.java:70)
at io.appium.java_client.AppiumDriver.findElementById(AppiumDriver.java:1)
at io.appium.java_client.android.AndroidDriver.findElementById(AndroidDriver.java:1)
at org.openqa.selenium.By$ById.findElement(By.java:218)
at org.openqa.selenium.remote.RemoteWebDriver.findElement(RemoteWebDriver.java:363)
at io.appium.java_client.DefaultGenericMobileDriver.findElement(DefaultGenericMobileDriver.java:58)
at io.appium.java_client.AppiumDriver.findElement(AppiumDriver.java:1)
at io.appium.java_client.android.AndroidDriver.findElement(AndroidDriver.java:1)
at org.openqa.selenium.support.pagefactory.DefaultElementLocator.findElement(DefaultElementLocator.java:69)
at org.openqa.selenium.support.pagefactory.internal.LocatingElementHandler.invoke(LocatingElementHandler.java:38)
at com.sun.proxy.$Proxy7.click(Unknown Source)
at pageObjects.HomePage.logoutApp(HomePage.java:78)
at functionalTestCase.ValidateChannelTabTest.validateChannelPage(ValidateChannelTabTest.java:27)
... Removed 29 stack frames]]>
    </failure>
  </testcase> <!-- validateChannelPage -->
</testsuite> <!-- Login and Tab Test Cases -->
