<?xml version="1.0" encoding="UTF-8"?>
<testng-results skipped="0" failed="0" ignored="0" total="1" passed="1">
  <reporter-output>
  </reporter-output>
  <suite name="Default suite" duration-ms="93336" started-at="2018-11-22T08:23:47Z" finished-at="2018-11-22T08:25:20Z">
    <groups>
    </groups>
    <test name="Default test" duration-ms="93336" started-at="2018-11-22T08:23:47Z" finished-at="2018-11-22T08:25:20Z">
      <class name="functionalTestCase.ValidateChannelTabTest">
        <test-method status="PASS" signature="validateChannelPage()[pri:1, instance:functionalTestCase.ValidateChannelTabTest@3578436e]" name="validateChannelPage" duration-ms="93300" started-at="2018-11-22T08:23:47Z" finished-at="2018-11-22T08:25:20Z">
          <reporter-output>
          </reporter-output>
        </test-method> <!-- validateChannelPage -->
      </class> <!-- functionalTestCase.ValidateChannelTabTest -->
    </test> <!-- Default test -->
  </suite> <!-- Default suite -->
</testng-results>
