<?xml version="1.0" encoding="UTF-8"?>
<!-- Generated by org.testng.reporters.JUnitXMLReporter -->
<testsuite hostname="Dharmas-MacBook-Air.local" ignored="0" name="Login and Tab Test Cases" tests="2" failures="0" timestamp="21 Nov 2018 06:31:37 GMT" time="140.714" errors="0">
  <testcase name="login_to_app" time="70.36" classname="functionalTestCase.LoginTest"/>
  <testcase name="login_to_app" time="70.323" classname="functionalTestCase.ValidateTabTest"/>
</testsuite> <!-- Login and Tab Test Cases -->
